[03:25:06] [Server thread/WARN]: Can't keep up! Did the system time change, or is the server overloaded? Running 10391ms behind, skipping 207 tick(s)
[03:27:10] [Server thread/WARN]: Can't keep up! Did the system time change, or is the server overloaded? Running 7055ms behind, skipping 141 tick(s)
[15:31:12] [Server thread/INFO]: CONSOLE issued server command: /kickall Restarting server!  Try again in 60 seconds!
[15:31:12] [Server thread/INFO]: [0;31;22mKicked all players from server.[m
[15:31:14] [Server thread/INFO]: CONSOLE: Stopping the server..[m
[15:31:14] [Server thread/INFO]: Stopping server
[15:31:14] [Server thread/INFO]: [EssentialsAntiBuild] Disabling EssentialsAntiBuild v2.12.2
[15:31:14] [Server thread/INFO]: [EssentialsSpawn] Disabling EssentialsSpawn v2.12.2
[15:31:14] [Server thread/INFO]: [PlotMe] Disabling PlotMe v0.13b
[15:31:14] [Server thread/INFO]: [EssentialsProtect] Disabling EssentialsProtect v2.12.2
[15:31:14] [Server thread/INFO]: [EssentialsChat] Disabling EssentialsChat v2.12.2
[15:31:14] [Server thread/INFO]: [Essentials] Disabling Essentials v2.12.2
[15:31:14] [Server thread/INFO]: [Microblocks] Disabling Microblocks v2.0
[15:31:14] [Server thread/INFO]: [WorldEdit] Disabling WorldEdit v5.5.8
[15:31:14] [Server thread/INFO]: [NoCheatPlus] Disabling NoCheatPlus v3.10.7-BETA-sMD5NET-b651
[15:31:14] [Server thread/INFO]: [NoCheatPlus] Version 3.10.7-BETA-sMD5NET-b651 is disabled.
[15:31:14] [Server thread/INFO]: [GroupManager] Disabling GroupManager v2.0 (2.12.1) (Phoenix)
[15:31:14] [Server thread/INFO]: GroupManager - INFO - Scheduled Data Saving is disabled!
[15:31:14] [Server thread/INFO]: GroupManager version 2.0 (2.12.1) (Phoenix) is disabled!
[15:31:14] [Server thread/INFO]: Saving players
[15:31:14] [Server thread/INFO]: Saving worlds
[15:31:14] [Server thread/INFO]: Saving chunks for level 'world'/Overworld
[15:31:14] [Server thread/INFO]: Saving chunks for level 'world_nether'/Nether
[15:31:14] [Thread-4/INFO]: Stopping server
[15:31:14] [Thread-4/INFO]: Saving players
[15:31:14] [Thread-4/INFO]: Saving worlds
[15:31:14] [Thread-4/INFO]: Saving chunks for level 'world'/Overworld
[15:31:14] [Thread-4/INFO]: Saving chunks for level 'world_nether'/Nether
