14.02.08 14:23:26 [INFO] melk001 failed Knockback: tried to do a knockback but wasn't technically sprinting. VL 97.
14.02.08 14:29:42 [INFO] melk001 failed MorePackets: sent 10 more packet(s) than expected. VL 10.
14.02.08 14:54:39 [INFO] novaeriksson failed Knockback: tried to do a knockback but wasn't technically sprinting. VL 50.
14.02.08 15:34:50 [INFO] WoodCollector failed Direction: tried to interact with a block out of his line of sight. VL 14.
14.02.08 15:36:14 [INFO] WoodCollector failed Direction: tried to interact with a block out of his line of sight. VL 10.
14.02.08 15:40:34 [INFO] kallecrusher failed Passable: moved into a block (41). VL 11.
14.02.08 16:10:25 [INFO] Shawn30Benson failed Passable: moved into a block (2). VL 11.
14.02.08 16:10:30 [INFO] Shawn30Benson failed Passable: moved into a block (2). VL 26.
14.02.08 16:10:35 [INFO] Shawn30Benson failed Passable: moved into a block (2). VL 43.
14.02.08 16:23:10 [INFO] martin_wittje failed Passable: moved into a block (48). VL 11.
14.02.08 16:32:30 [INFO] Hannes_Granfeldt failed Direction: tried to interact with a block out of his line of sight. VL 10.
14.02.08 16:44:08 [INFO] Zenrry failed Passable: moved into a block (2). VL 11.
14.02.08 16:44:14 [INFO] Zenrry failed Passable: moved into a block (2). VL 15.
14.02.08 16:44:19 [INFO] Zenrry failed Passable: moved into a block (2). VL 32.
14.02.08 16:45:23 [INFO] Zenrry failed Passable: moved into a block (2). VL 33.
14.02.08 17:04:14 [INFO] challeman03 failed Visible: interacts with a block out of sight. VL 5.
14.02.08 17:17:03 [INFO] Shawn30Benson failed Passable: moved into a block (2). VL 10.
14.02.08 17:17:08 [INFO] Shawn30Benson failed Passable: moved into a block (2). VL 24.
14.02.08 17:17:13 [INFO] Shawn30Benson failed Passable: moved into a block (2). VL 34.
14.02.08 17:22:52 [INFO] mamarob failed Visible: interacts with a block out of sight. VL 6.
14.02.08 17:54:16 [INFO] monopol99 failed Passable: moved into a block (2). VL 10.
